<?xml version="1.0" encoding="UTF-8"?>
<testsuite xmlns:xsi="http://www.w3.org/2001/XMLSchema-instance" xsi:noNamespaceSchemaLocation="https://maven.apache.org/surefire/maven-surefire-plugin/xsd/surefire-test-report.xsd" name="es.iespuertodelacruz.bait.controladorTests.PedidoControllerTest" time="2.343" tests="10" errors="0" skipped="0" failures="0">
  <properties>
    <property name="sun.desktop" value="windows"/>
    <property name="awt.toolkit" value="sun.awt.windows.WToolkit"/>
    <property name="java.specification.version" value="11"/>
    <property name="sun.cpu.isalist" value="amd64"/>
    <property name="sun.jnu.encoding" value="Cp1252"/>
    <property name="java.class.path" value="C:\Users\jonay_j3ffsjc\Desktop\Bait-VideogameShop\ProyectoBait\bait\target\test-classes;C:\Users\jonay_j3ffsjc\Desktop\Bait-VideogameShop\ProyectoBait\bait\target\classes;C:\Users\jonay_j3ffsjc\.m2\repository\org\junit\jupiter\junit-jupiter-api\5.6.0\junit-jupiter-api-5.6.0.jar;C:\Users\jonay_j3ffsjc\.m2\repository\org\apiguardian\apiguardian-api\1.1.0\apiguardian-api-1.1.0.jar;C:\Users\jonay_j3ffsjc\.m2\repository\org\opentest4j\opentest4j\1.2.0\opentest4j-1.2.0.jar;C:\Users\jonay_j3ffsjc\.m2\repository\org\junit\platform\junit-platform-commons\1.6.0\junit-platform-commons-1.6.0.jar;C:\Users\jonay_j3ffsjc\.m2\repository\org\junit\jupiter\junit-jupiter-params\5.6.0\junit-jupiter-params-5.6.0.jar;C:\Users\jonay_j3ffsjc\.m2\repository\org\junit\jupiter\junit-jupiter-engine\5.6.0\junit-jupiter-engine-5.6.0.jar;C:\Users\jonay_j3ffsjc\.m2\repository\org\junit\platform\junit-platform-engine\1.6.0\junit-platform-engine-1.6.0.jar;C:\Users\jonay_j3ffsjc\.m2\repository\org\hamcrest\hamcrest-library\1.3\hamcrest-library-1.3.jar;C:\Users\jonay_j3ffsjc\.m2\repository\org\hamcrest\hamcrest-core\1.3\hamcrest-core-1.3.jar;C:\Users\jonay_j3ffsjc\.m2\repository\javax\servlet\javax.servlet-api\3.1.0\javax.servlet-api-3.1.0.jar;C:\Users\jonay_j3ffsjc\.m2\repository\javax\servlet\jstl\1.2\jstl-1.2.jar;C:\Users\jonay_j3ffsjc\.m2\repository\org\xerial\sqlite-jdbc\3.34.0\sqlite-jdbc-3.34.0.jar;"/>
    <property name="java.vm.vendor" value="Oracle Corporation"/>
    <property name="sun.arch.data.model" value="64"/>
    <property name="user.variant" value=""/>
    <property name="java.vendor.url" value="https://openjdk.java.net/"/>
    <property name="user.timezone" value="Europe/London"/>
    <property name="java.vm.specification.version" value="11"/>
    <property name="os.name" value="Windows 10"/>
    <property name="sun.java.launcher" value="SUN_STANDARD"/>
    <property name="user.country" value="ES"/>
    <property name="sun.boot.library.path" value="C:\Program Files\Java\jdk-11.0.10\bin"/>
    <property name="sun.java.command" value="C:\Users\jonay_j3ffsjc\AppData\Local\Temp\surefire1225728709705132717\surefirebooter1208571256124882739.jar C:\Users\jonay_j3ffsjc\AppData\Local\Temp\surefire1225728709705132717 2021-06-05T10-57-44_074-jvmRun1 surefire12406496152078708098tmp surefire_010077512436078786206tmp"/>
    <property name="jdk.debug" value="release"/>
    <property name="surefire.test.class.path" value="C:\Users\jonay_j3ffsjc\Desktop\Bait-VideogameShop\ProyectoBait\bait\target\test-classes;C:\Users\jonay_j3ffsjc\Desktop\Bait-VideogameShop\ProyectoBait\bait\target\classes;C:\Users\jonay_j3ffsjc\.m2\repository\org\junit\jupiter\junit-jupiter-api\5.6.0\junit-jupiter-api-5.6.0.jar;C:\Users\jonay_j3ffsjc\.m2\repository\org\apiguardian\apiguardian-api\1.1.0\apiguardian-api-1.1.0.jar;C:\Users\jonay_j3ffsjc\.m2\repository\org\opentest4j\opentest4j\1.2.0\opentest4j-1.2.0.jar;C:\Users\jonay_j3ffsjc\.m2\repository\org\junit\platform\junit-platform-commons\1.6.0\junit-platform-commons-1.6.0.jar;C:\Users\jonay_j3ffsjc\.m2\repository\org\junit\jupiter\junit-jupiter-params\5.6.0\junit-jupiter-params-5.6.0.jar;C:\Users\jonay_j3ffsjc\.m2\repository\org\junit\jupiter\junit-jupiter-engine\5.6.0\junit-jupiter-engine-5.6.0.jar;C:\Users\jonay_j3ffsjc\.m2\repository\org\junit\platform\junit-platform-engine\1.6.0\junit-platform-engine-1.6.0.jar;C:\Users\jonay_j3ffsjc\.m2\repository\org\hamcrest\hamcrest-library\1.3\hamcrest-library-1.3.jar;C:\Users\jonay_j3ffsjc\.m2\repository\org\hamcrest\hamcrest-core\1.3\hamcrest-core-1.3.jar;C:\Users\jonay_j3ffsjc\.m2\repository\javax\servlet\javax.servlet-api\3.1.0\javax.servlet-api-3.1.0.jar;C:\Users\jonay_j3ffsjc\.m2\repository\javax\servlet\jstl\1.2\jstl-1.2.jar;C:\Users\jonay_j3ffsjc\.m2\repository\org\xerial\sqlite-jdbc\3.34.0\sqlite-jdbc-3.34.0.jar;"/>
    <property name="sun.cpu.endian" value="little"/>
    <property name="user.home" value="C:\Users\jonay_j3ffsjc"/>
    <property name="user.language" value="es"/>
    <property name="java.specification.vendor" value="Oracle Corporation"/>
    <property name="java.version.date" value="2021-01-19"/>
    <property name="java.home" value="C:\Program Files\Java\jdk-11.0.10"/>
    <property name="file.separator" value="\"/>
    <property name="basedir" value="C:\Users\jonay_j3ffsjc\Desktop\Bait-VideogameShop\ProyectoBait\bait"/>
    <property name="java.vm.compressedOopsMode" value="Zero based"/>
    <property name="line.separator" value="&#10;"/>
    <property name="java.specification.name" value="Java Platform API Specification"/>
    <property name="java.vm.specification.vendor" value="Oracle Corporation"/>
    <property name="java.awt.graphicsenv" value="sun.awt.Win32GraphicsEnvironment"/>
    <property name="surefire.real.class.path" value="C:\Users\jonay_j3ffsjc\AppData\Local\Temp\surefire1225728709705132717\surefirebooter1208571256124882739.jar"/>
    <property name="user.script" value=""/>
    <property name="sun.management.compiler" value="HotSpot 64-Bit Tiered Compilers"/>
    <property name="java.runtime.version" value="11.0.10+8-LTS-162"/>
    <property name="user.name" value="jonay_j3ffsjc"/>
    <property name="path.separator" value=";"/>
    <property name="os.version" value="10.0"/>
    <property name="java.runtime.name" value="Java(TM) SE Runtime Environment"/>
    <property name="file.encoding" value="Cp1252"/>
    <property name="java.vm.name" value="Java HotSpot(TM) 64-Bit Server VM"/>
    <property name="java.vendor.version" value="18.9"/>
    <property name="localRepository" value="C:\Users\jonay_j3ffsjc\.m2\repository"/>
    <property name="java.vendor.url.bug" value="https://bugreport.java.com/bugreport/"/>
    <property name="java.io.tmpdir" value="C:\Users\jonay_j3ffsjc\AppData\Local\Temp\"/>
    <property name="java.version" value="11.0.10"/>
    <property name="user.dir" value="C:\Users\jonay_j3ffsjc\Desktop\Bait-VideogameShop\ProyectoBait\bait"/>
    <property name="os.arch" value="amd64"/>
    <property name="java.vm.specification.name" value="Java Virtual Machine Specification"/>
    <property name="java.awt.printerjob" value="sun.awt.windows.WPrinterJob"/>
    <property name="sun.os.patch.level" value=""/>
    <property name="java.library.path" value="C:\Program Files\Java\jdk-11.0.10\bin;C:\WINDOWS\Sun\Java\bin;C:\WINDOWS\system32;C:\WINDOWS;C:\Program Files (x86)\Razer Chroma SDK\bin;C:\Program Files\Razer Chroma SDK\bin;C:\Program Files (x86)\Razer\ChromaBroadcast\bin;C:\Program Files\Razer\ChromaBroadcast\bin;C:\Program Files\Common Files\Oracle\Java\javapath;C:\Program Files (x86)\Common Files\Oracle\Java\javapath;C:\ProgramData\Oracle\Java\javapath;C:\WINDOWS\system32;C:\WINDOWS;C:\WINDOWS\System32\Wbem;C:\WINDOWS\System32\WindowsPowerShell\v1.0\;C:\WINDOWS\System32\OpenSSH\;C:\Program Files\NVIDIA Corporation\NVIDIA NvDLISR;C:\Program Files (x86)\NVIDIA Corporation\PhysX\Common;C:\Program Files\Java\jdk-11.0.10\bin;C:\Program Files\apache-maven-3.6.3\bin;C:\WINDOWS\system32;C:\WINDOWS;C:\WINDOWS\System32\Wbem;C:\WINDOWS\System32\WindowsPowerShell\v1.0\;C:\WINDOWS\System32\OpenSSH\;C:\WINDOWS\system32\config\systemprofile\AppData\Local\Microsoft\WindowsApps;D:\Programas\Git\cmd;D:\Programas\Git\mingw64\bin;D:\Programas\Git\usr\bin;D:\Programas\Vagrant\bin;C:\Users\jonay_j3ffsjc\AppData\Local\Microsoft\WindowsApps;C:\Users\jonay_j3ffsjc\AppData\Local\atom\bin;C:\Users\jonay_j3ffsjc\AppData\Local\Programs\Microsoft VS Code\bin;C:\Users\jonay_j3ffsjc\AppData\Local\Microsoft\WindowsApps;C:\Users\jonay_j3ffsjc\AppData\Local\GitHubDesktop\bin;C:\Program Files (x86)\SQLite\sqlite-tools-win32-x86-3350500;;."/>
    <property name="java.vendor" value="Oracle Corporation"/>
    <property name="java.vm.info" value="mixed mode"/>
    <property name="java.vm.version" value="11.0.10+8-LTS-162"/>
    <property name="sun.io.unicode.encoding" value="UnicodeLittle"/>
    <property name="java.class.version" value="55.0"/>
  </properties>
  <testcase name="obtenerListadoPorDniTest" classname="es.iespuertodelacruz.bait.controladorTests.PedidoControllerTest" time="0.225"/>
  <testcase name="eliminarErrorTest" classname="es.iespuertodelacruz.bait.controladorTests.PedidoControllerTest" time="0.209"/>
  <testcase name="insertarErrorTest" classname="es.iespuertodelacruz.bait.controladorTests.PedidoControllerTest" time="0.233"/>
  <testcase name="modificarTest" classname="es.iespuertodelacruz.bait.controladorTests.PedidoControllerTest" time="0.21"/>
  <testcase name="realizarPedidoTest" classname="es.iespuertodelacruz.bait.controladorTests.PedidoControllerTest" time="0.338"/>
  <testcase name="buscarTest" classname="es.iespuertodelacruz.bait.controladorTests.PedidoControllerTest" time="0.227"/>
  <testcase name="obtenerListadoTest" classname="es.iespuertodelacruz.bait.controladorTests.PedidoControllerTest" time="0.213"/>
  <testcase name="modificarErrorTest" classname="es.iespuertodelacruz.bait.controladorTests.PedidoControllerTest" time="0.254"/>
  <testcase name="validarPedido" classname="es.iespuertodelacruz.bait.controladorTests.PedidoControllerTest" time="0.231"/>
  <testcase name="buscarErrorTest" classname="es.iespuertodelacruz.bait.controladorTests.PedidoControllerTest" time="0.197"/>
</testsuite>